<?xml version="1.0" encoding="UTF-8"?>
<testng-results skipped="0" failed="0" ignored="0" total="3" passed="3">
  <reporter-output>
  </reporter-output>
  <suite name="Default suite" duration-ms="15664" started-at="2018-12-02T23:57:02Z" finished-at="2018-12-02T23:57:17Z">
    <groups>
    </groups>
    <test name="Default test" duration-ms="15664" started-at="2018-12-02T23:57:02Z" finished-at="2018-12-02T23:57:17Z">
      <class name="DriverScript.Driver">
        <test-method status="PASS" signature="Question_2()[pri:2, instance:DriverScript.Driver@7a187f14]" name="Question_2" duration-ms="15626" started-at="2018-12-02T23:57:02Z" finished-at="2018-12-02T23:57:17Z">
          <reporter-output>
          </reporter-output>
        </test-method> <!-- Question_2 -->
        <test-method status="PASS" signature="Question_1()[pri:1, instance:DriverScript.Driver@7a187f14]" name="Question_1" duration-ms="0" started-at="2018-12-02T23:57:02Z" finished-at="2018-12-02T23:57:02Z">
          <reporter-output>
          </reporter-output>
        </test-method> <!-- Question_1 -->
        <test-method status="PASS" signature="Question_3()[pri:2, instance:DriverScript.Driver@7a187f14]" name="Question_3" duration-ms="4" started-at="2018-12-02T23:57:17Z" finished-at="2018-12-02T23:57:17Z">
          <reporter-output>
          </reporter-output>
        </test-method> <!-- Question_3 -->
      </class> <!-- DriverScript.Driver -->
    </test> <!-- Default test -->
  </suite> <!-- Default suite -->
</testng-results>
