<?xml version="1.0" encoding="UTF-8"?>
<testng-results skipped="0" failed="0" ignored="0" total="5" passed="5">
  <reporter-output>
  </reporter-output>
  <suite name="Suite" duration-ms="46" started-at="2019-01-21T01:18:32Z" finished-at="2019-01-21T01:18:32Z">
    <groups>
    </groups>
    <test name="Test" duration-ms="46" started-at="2019-01-21T01:18:32Z" finished-at="2019-01-21T01:18:32Z">
      <class name="com.WW.WW.SeleniumTest">
        <test-method status="PASS" signature="BrowserAUtomation()[pri:0, instance:com.WW.WW.SeleniumTest@589838eb]" name="BrowserAUtomation" duration-ms="1" started-at="2019-01-21T01:18:32Z" finished-at="2019-01-21T01:18:32Z">
          <reporter-output>
          </reporter-output>
        </test-method> <!-- BrowserAUtomation -->
        <test-method status="PASS" signature="elementsUi()[pri:0, instance:com.WW.WW.SeleniumTest@589838eb]" name="elementsUi" duration-ms="1" started-at="2019-01-21T01:18:32Z" finished-at="2019-01-21T01:18:32Z">
          <reporter-output>
          </reporter-output>
        </test-method> <!-- elementsUi -->
      </class> <!-- com.WW.WW.SeleniumTest -->
      <class name="com.WW.WW.AppiumTest">
        <test-method status="PASS" signature="IOSApps()[pri:0, instance:com.WW.WW.AppiumTest@5f341870]" name="IOSApps" duration-ms="8" started-at="2019-01-21T01:18:32Z" finished-at="2019-01-21T01:18:32Z">
          <reporter-output>
          </reporter-output>
        </test-method> <!-- IOSApps -->
        <test-method status="PASS" signature="NativeAPpAndroid()[pri:0, instance:com.WW.WW.AppiumTest@5f341870]" name="NativeAPpAndroid" duration-ms="1" started-at="2019-01-21T01:18:32Z" finished-at="2019-01-21T01:18:32Z">
          <reporter-output>
          </reporter-output>
        </test-method> <!-- NativeAPpAndroid -->
      </class> <!-- com.WW.WW.AppiumTest -->
      <class name="com.WW.WW.RestApiTest">
        <test-method status="PASS" signature="Btest_3()[pri:0, instance:com.WW.WW.RestApiTest@271053e1]" name="Btest_3" duration-ms="1" started-at="2019-01-21T01:18:32Z" finished-at="2019-01-21T01:18:32Z">
          <reporter-output>
          </reporter-output>
        </test-method> <!-- Btest_3 -->
      </class> <!-- com.WW.WW.RestApiTest -->
    </test> <!-- Test -->
  </suite> <!-- Suite -->
</testng-results>
