<?xml version="1.0" encoding="UTF-8"?>
<!-- Generated by org.testng.reporters.JUnitXMLReporter -->
<testsuite hostname="DESKTOP-5DIGRH6" ignored="0" name="Test" tests="5" failures="0" timestamp="21 Jan 2019 01:18:32 GMT" time="0.046" errors="0">
  <testcase name="IOSApps" time="0.008" classname="com.WW.WW.AppiumTest"/>
  <testcase name="NativeAPpAndroid" time="0.001" classname="com.WW.WW.AppiumTest"/>
  <testcase name="Btest_3" time="0.001" classname="com.WW.WW.RestApiTest"/>
  <testcase name="BrowserAUtomation" time="0.001" classname="com.WW.WW.SeleniumTest"/>
  <testcase name="elementsUi" time="0.001" classname="com.WW.WW.SeleniumTest"/>
</testsuite> <!-- Test -->
