<?xml version="1.0" encoding="UTF-8"?>
<!-- Generated by org.testng.reporters.JUnitXMLReporter -->
<testsuite hostname="DESKTOP-5DIGRH6" ignored="0" name="Default test" tests="3" failures="0" timestamp="02 Dec 2018 23:57:18 GMT" time="15.664" errors="0">
  <testcase name="Question_1" time="0.0" classname="DriverScript.Driver"/>
  <testcase name="Question_2" time="15.626" classname="DriverScript.Driver"/>
  <testcase name="Question_3" time="0.004" classname="DriverScript.Driver"/>
</testsuite> <!-- Default test -->
